mode: set
github.com/gerps2/desafio-cloud-run/cmd/api/main.go:29.8,35.2 1 0
github.com/gerps2/desafio-cloud-run/cmd/api/main.go:37.29,41.45 2 0
github.com/gerps2/desafio-cloud-run/cmd/api/main.go:41.45,43.3 1 0
github.com/gerps2/desafio-cloud-run/cmd/api/main.go:46.2,46.44 1 0
github.com/gerps2/desafio-cloud-run/cmd/api/main.go:49.27,53.12 2 0
github.com/gerps2/desafio-cloud-run/cmd/api/main.go:53.12,54.42 1 0
github.com/gerps2/desafio-cloud-run/cmd/api/main.go:54.42,56.4 1 0
github.com/gerps2/desafio-cloud-run/cmd/api/main.go:60.2,70.31 7 0
github.com/gerps2/desafio-cloud-run/cmd/api/main.go:73.13,75.16 2 0
github.com/gerps2/desafio-cloud-run/cmd/api/main.go:75.16,77.3 1 0
github.com/gerps2/desafio-cloud-run/cmd/api/main.go:79.2,79.34 1 0
github.com/gerps2/desafio-cloud-run/cmd/api/main.go:79.34,81.3 1 0
github.com/gerps2/desafio-cloud-run/cmd/api/wire_gen.go:19.36,31.2 11 0
github.com/gerps2/desafio-cloud-run/features/weather/getWeatherByCep/mocks/MockGetWeatherByCepUseCase.go:21.85,23.2 1 0
github.com/gerps2/desafio-cloud-run/features/weather/getWeatherByCep/mocks/MockGetWeatherByCepUseCase.go:26.160,29.19 2 0
github.com/gerps2/desafio-cloud-run/features/weather/getWeatherByCep/mocks/MockGetWeatherByCepUseCase.go:29.19,30.49 1 0
github.com/gerps2/desafio-cloud-run/features/weather/getWeatherByCep/mocks/MockGetWeatherByCepUseCase.go:33.2,35.140 3 0
github.com/gerps2/desafio-cloud-run/features/weather/getWeatherByCep/mocks/MockGetWeatherByCepUseCase.go:35.140,37.3 1 0
github.com/gerps2/desafio-cloud-run/features/weather/getWeatherByCep/mocks/MockGetWeatherByCepUseCase.go:38.2,38.131 1 0
github.com/gerps2/desafio-cloud-run/features/weather/getWeatherByCep/mocks/MockGetWeatherByCepUseCase.go:38.131,40.3 1 0
github.com/gerps2/desafio-cloud-run/features/weather/getWeatherByCep/mocks/MockGetWeatherByCepUseCase.go:40.8,41.24 1 0
github.com/gerps2/desafio-cloud-run/features/weather/getWeatherByCep/mocks/MockGetWeatherByCepUseCase.go:41.24,43.4 1 0
github.com/gerps2/desafio-cloud-run/features/weather/getWeatherByCep/mocks/MockGetWeatherByCepUseCase.go:46.2,46.98 1 0
github.com/gerps2/desafio-cloud-run/features/weather/getWeatherByCep/mocks/MockGetWeatherByCepUseCase.go:46.98,48.3 1 0
github.com/gerps2/desafio-cloud-run/features/weather/getWeatherByCep/mocks/MockGetWeatherByCepUseCase.go:48.8,50.3 1 0
github.com/gerps2/desafio-cloud-run/features/weather/getWeatherByCep/mocks/MockGetWeatherByCepUseCase.go:52.2,52.15 1 0
github.com/gerps2/desafio-cloud-run/features/weather/getWeatherByCep/mocks/MockGetWeatherByCepUseCase.go:63.133,65.2 1 0
github.com/gerps2/desafio-cloud-run/features/weather/getWeatherByCep/mocks/MockGetWeatherByCepUseCase.go:67.172,68.40 1 0
github.com/gerps2/desafio-cloud-run/features/weather/getWeatherByCep/mocks/MockGetWeatherByCepUseCase.go:68.40,70.3 1 0
github.com/gerps2/desafio-cloud-run/features/weather/getWeatherByCep/mocks/MockGetWeatherByCepUseCase.go:71.2,71.11 1 0
github.com/gerps2/desafio-cloud-run/features/weather/getWeatherByCep/mocks/MockGetWeatherByCepUseCase.go:74.155,77.2 2 0
github.com/gerps2/desafio-cloud-run/features/weather/getWeatherByCep/mocks/MockGetWeatherByCepUseCase.go:79.219,82.2 2 0
github.com/gerps2/desafio-cloud-run/features/weather/getWeatherByCep/mocks/MockGetWeatherByCepUseCase.go:89.32,93.19 3 0
github.com/gerps2/desafio-cloud-run/features/weather/getWeatherByCep/mocks/MockGetWeatherByCepUseCase.go:93.19,93.49 1 0
github.com/gerps2/desafio-cloud-run/features/weather/getWeatherByCep/mocks/MockGetWeatherByCepUseCase.go:95.2,95.13 1 0
github.com/gerps2/desafio-cloud-run/features/weather/getWeatherByCep/mocks/MockGetWeatherByCepUseCaseInterface.go:21.103,23.2 1 0
github.com/gerps2/desafio-cloud-run/features/weather/getWeatherByCep/mocks/MockGetWeatherByCepUseCaseInterface.go:26.169,29.19 2 0
github.com/gerps2/desafio-cloud-run/features/weather/getWeatherByCep/mocks/MockGetWeatherByCepUseCaseInterface.go:29.19,30.49 1 0
github.com/gerps2/desafio-cloud-run/features/weather/getWeatherByCep/mocks/MockGetWeatherByCepUseCaseInterface.go:33.2,35.140 3 0
github.com/gerps2/desafio-cloud-run/features/weather/getWeatherByCep/mocks/MockGetWeatherByCepUseCaseInterface.go:35.140,37.3 1 0
github.com/gerps2/desafio-cloud-run/features/weather/getWeatherByCep/mocks/MockGetWeatherByCepUseCaseInterface.go:38.2,38.131 1 0
github.com/gerps2/desafio-cloud-run/features/weather/getWeatherByCep/mocks/MockGetWeatherByCepUseCaseInterface.go:38.131,40.3 1 0
github.com/gerps2/desafio-cloud-run/features/weather/getWeatherByCep/mocks/MockGetWeatherByCepUseCaseInterface.go:40.8,41.24 1 0
github.com/gerps2/desafio-cloud-run/features/weather/getWeatherByCep/mocks/MockGetWeatherByCepUseCaseInterface.go:41.24,43.4 1 0
github.com/gerps2/desafio-cloud-run/features/weather/getWeatherByCep/mocks/MockGetWeatherByCepUseCaseInterface.go:46.2,46.98 1 0
github.com/gerps2/desafio-cloud-run/features/weather/getWeatherByCep/mocks/MockGetWeatherByCepUseCaseInterface.go:46.98,48.3 1 0
github.com/gerps2/desafio-cloud-run/features/weather/getWeatherByCep/mocks/MockGetWeatherByCepUseCaseInterface.go:48.8,50.3 1 0
github.com/gerps2/desafio-cloud-run/features/weather/getWeatherByCep/mocks/MockGetWeatherByCepUseCaseInterface.go:52.2,52.15 1 0
github.com/gerps2/desafio-cloud-run/features/weather/getWeatherByCep/mocks/MockGetWeatherByCepUseCaseInterface.go:63.151,65.2 1 0
github.com/gerps2/desafio-cloud-run/features/weather/getWeatherByCep/mocks/MockGetWeatherByCepUseCaseInterface.go:67.190,68.40 1 0
github.com/gerps2/desafio-cloud-run/features/weather/getWeatherByCep/mocks/MockGetWeatherByCepUseCaseInterface.go:68.40,70.3 1 0
github.com/gerps2/desafio-cloud-run/features/weather/getWeatherByCep/mocks/MockGetWeatherByCepUseCaseInterface.go:71.2,71.11 1 0
github.com/gerps2/desafio-cloud-run/features/weather/getWeatherByCep/mocks/MockGetWeatherByCepUseCaseInterface.go:74.173,77.2 2 0
github.com/gerps2/desafio-cloud-run/features/weather/getWeatherByCep/mocks/MockGetWeatherByCepUseCaseInterface.go:79.237,82.2 2 0
github.com/gerps2/desafio-cloud-run/features/weather/getWeatherByCep/mocks/MockGetWeatherByCepUseCaseInterface.go:89.41,93.19 3 0
github.com/gerps2/desafio-cloud-run/features/weather/getWeatherByCep/mocks/MockGetWeatherByCepUseCaseInterface.go:93.19,93.49 1 0
github.com/gerps2/desafio-cloud-run/features/weather/getWeatherByCep/mocks/MockGetWeatherByCepUseCaseInterface.go:95.2,95.13 1 0
github.com/gerps2/desafio-cloud-run/shared/errors/api_error.go:15.34,17.2 1 0
github.com/gerps2/desafio-cloud-run/shared/errors/api_error.go:52.83,59.2 1 0
github.com/gerps2/desafio-cloud-run/shared/errors/api_error.go:61.68,69.2 1 0
github.com/gerps2/desafio-cloud-run/shared/errors/api_error.go:71.72,79.2 1 0
github.com/gerps2/desafio-cloud-run/shared/errors/api_error.go:81.66,89.2 1 0
github.com/gerps2/desafio-cloud-run/shared/errors/api_error.go:91.66,99.2 1 0
github.com/gerps2/desafio-cloud-run/shared/errors/api_error.go:101.73,109.2 1 0
github.com/gerps2/desafio-cloud-run/shared/errors/api_error.go:111.65,119.2 1 0
github.com/gerps2/desafio-cloud-run/shared/config/config.go:39.21,53.45 11 0
github.com/gerps2/desafio-cloud-run/shared/config/config.go:53.45,55.3 1 0
github.com/gerps2/desafio-cloud-run/shared/config/config.go:57.2,66.16 9 0
github.com/gerps2/desafio-cloud-run/shared/http/error_response.go:16.75,23.2 2 0
github.com/gerps2/desafio-cloud-run/shared/http/error_response.go:25.69,32.2 2 0
github.com/gerps2/desafio-cloud-run/shared/http/error_response.go:34.88,41.2 2 0
github.com/gerps2/desafio-cloud-run/shared/http/error_response.go:43.82,46.2 2 0
github.com/gerps2/desafio-cloud-run/shared/http/error_response.go:48.86,51.2 2 0
github.com/gerps2/desafio-cloud-run/shared/http/error_response.go:53.75,56.2 2 0
github.com/gerps2/desafio-cloud-run/shared/http/error_response.go:58.80,59.19 1 0
github.com/gerps2/desafio-cloud-run/shared/http/error_response.go:59.19,61.3 1 0
github.com/gerps2/desafio-cloud-run/shared/http/error_response.go:62.2,63.34 2 0
github.com/gerps2/desafio-cloud-run/shared/http/error_response.go:66.87,69.2 2 0
github.com/gerps2/desafio-cloud-run/shared/http/error_response.go:71.74,72.19 1 0
github.com/gerps2/desafio-cloud-run/shared/http/error_response.go:72.19,74.3 1 0
github.com/gerps2/desafio-cloud-run/shared/http/error_response.go:75.2,76.34 2 0
github.com/gerps2/desafio-cloud-run/shared/http/server.go:23.63,24.46 1 0
github.com/gerps2/desafio-cloud-run/shared/http/server.go:24.46,32.44 5 0
github.com/gerps2/desafio-cloud-run/shared/http/server.go:32.44,35.4 2 0
github.com/gerps2/desafio-cloud-run/shared/http/server.go:40.67,41.46 1 0
github.com/gerps2/desafio-cloud-run/shared/http/server.go:41.46,42.16 1 0
github.com/gerps2/desafio-cloud-run/shared/http/server.go:42.16,43.36 1 0
github.com/gerps2/desafio-cloud-run/shared/http/server.go:43.36,48.28 2 0
github.com/gerps2/desafio-cloud-run/shared/http/server.go:48.28,51.6 2 0
github.com/gerps2/desafio-cloud-run/shared/http/server.go:53.5,53.14 1 0
github.com/gerps2/desafio-cloud-run/shared/http/server.go:57.3,60.24 2 0
github.com/gerps2/desafio-cloud-run/shared/http/server.go:60.24,62.27 1 0
github.com/gerps2/desafio-cloud-run/shared/http/server.go:62.27,68.5 4 0
github.com/gerps2/desafio-cloud-run/shared/http/server.go:73.63,74.33 1 0
github.com/gerps2/desafio-cloud-run/shared/http/server.go:74.33,76.3 1 0
github.com/gerps2/desafio-cloud-run/shared/http/server.go:78.2,92.3 6 0
github.com/gerps2/desafio-cloud-run/shared/http/server.go:95.42,97.2 1 0
github.com/gerps2/desafio-cloud-run/shared/http/server.go:99.32,112.81 4 0
github.com/gerps2/desafio-cloud-run/shared/http/server.go:112.81,114.3 1 0
github.com/gerps2/desafio-cloud-run/shared/http/server.go:116.2,116.12 1 0
github.com/gerps2/desafio-cloud-run/shared/http/server.go:119.54,122.2 2 0
github.com/gerps2/desafio-cloud-run/shared/logger/logger.go:23.19,30.2 1 0
github.com/gerps2/desafio-cloud-run/shared/logger/logger.go:32.56,34.2 1 0
github.com/gerps2/desafio-cloud-run/shared/logger/logger.go:36.57,38.2 1 0
github.com/gerps2/desafio-cloud-run/shared/logger/logger.go:40.57,42.2 1 0
github.com/gerps2/desafio-cloud-run/shared/logger/logger.go:44.56,46.2 1 0
github.com/gerps2/desafio-cloud-run/shared/logger/mocks/MockLogger.go:16.53,18.2 1 0
github.com/gerps2/desafio-cloud-run/shared/logger/mocks/MockLogger.go:21.62,26.2 4 0
github.com/gerps2/desafio-cloud-run/shared/logger/mocks/MockLogger.go:36.99,39.2 1 0
github.com/gerps2/desafio-cloud-run/shared/logger/mocks/MockLogger.go:41.104,42.40 1 0
github.com/gerps2/desafio-cloud-run/shared/logger/mocks/MockLogger.go:42.40,44.30 2 0
github.com/gerps2/desafio-cloud-run/shared/logger/mocks/MockLogger.go:44.30,45.16 1 0
github.com/gerps2/desafio-cloud-run/shared/logger/mocks/MockLogger.go:45.16,47.5 1 0
github.com/gerps2/desafio-cloud-run/shared/logger/mocks/MockLogger.go:49.3,49.41 1 0
github.com/gerps2/desafio-cloud-run/shared/logger/mocks/MockLogger.go:51.2,51.11 1 0
github.com/gerps2/desafio-cloud-run/shared/logger/mocks/MockLogger.go:54.66,57.2 2 0
github.com/gerps2/desafio-cloud-run/shared/logger/mocks/MockLogger.go:59.104,62.2 2 0
github.com/gerps2/desafio-cloud-run/shared/logger/mocks/MockLogger.go:65.62,70.2 4 0
github.com/gerps2/desafio-cloud-run/shared/logger/mocks/MockLogger.go:80.99,83.2 1 0
github.com/gerps2/desafio-cloud-run/shared/logger/mocks/MockLogger.go:85.104,86.40 1 0
github.com/gerps2/desafio-cloud-run/shared/logger/mocks/MockLogger.go:86.40,88.30 2 0
github.com/gerps2/desafio-cloud-run/shared/logger/mocks/MockLogger.go:88.30,89.16 1 0
github.com/gerps2/desafio-cloud-run/shared/logger/mocks/MockLogger.go:89.16,91.5 1 0
github.com/gerps2/desafio-cloud-run/shared/logger/mocks/MockLogger.go:93.3,93.41 1 0
github.com/gerps2/desafio-cloud-run/shared/logger/mocks/MockLogger.go:95.2,95.11 1 0
github.com/gerps2/desafio-cloud-run/shared/logger/mocks/MockLogger.go:98.66,101.2 2 0
github.com/gerps2/desafio-cloud-run/shared/logger/mocks/MockLogger.go:103.104,106.2 2 0
github.com/gerps2/desafio-cloud-run/shared/logger/mocks/MockLogger.go:109.61,114.2 4 0
github.com/gerps2/desafio-cloud-run/shared/logger/mocks/MockLogger.go:124.97,127.2 1 0
github.com/gerps2/desafio-cloud-run/shared/logger/mocks/MockLogger.go:129.102,130.40 1 0
github.com/gerps2/desafio-cloud-run/shared/logger/mocks/MockLogger.go:130.40,132.30 2 0
github.com/gerps2/desafio-cloud-run/shared/logger/mocks/MockLogger.go:132.30,133.16 1 0
github.com/gerps2/desafio-cloud-run/shared/logger/mocks/MockLogger.go:133.16,135.5 1 0
github.com/gerps2/desafio-cloud-run/shared/logger/mocks/MockLogger.go:137.3,137.41 1 0
github.com/gerps2/desafio-cloud-run/shared/logger/mocks/MockLogger.go:139.2,139.11 1 0
github.com/gerps2/desafio-cloud-run/shared/logger/mocks/MockLogger.go:142.64,145.2 2 0
github.com/gerps2/desafio-cloud-run/shared/logger/mocks/MockLogger.go:147.102,150.2 2 0
github.com/gerps2/desafio-cloud-run/shared/logger/mocks/MockLogger.go:153.61,158.2 4 0
github.com/gerps2/desafio-cloud-run/shared/logger/mocks/MockLogger.go:168.97,171.2 1 0
github.com/gerps2/desafio-cloud-run/shared/logger/mocks/MockLogger.go:173.102,174.40 1 0
github.com/gerps2/desafio-cloud-run/shared/logger/mocks/MockLogger.go:174.40,176.30 2 0
github.com/gerps2/desafio-cloud-run/shared/logger/mocks/MockLogger.go:176.30,177.16 1 0
github.com/gerps2/desafio-cloud-run/shared/logger/mocks/MockLogger.go:177.16,179.5 1 0
github.com/gerps2/desafio-cloud-run/shared/logger/mocks/MockLogger.go:181.3,181.41 1 0
github.com/gerps2/desafio-cloud-run/shared/logger/mocks/MockLogger.go:183.2,183.11 1 0
github.com/gerps2/desafio-cloud-run/shared/logger/mocks/MockLogger.go:186.64,189.2 2 0
github.com/gerps2/desafio-cloud-run/shared/logger/mocks/MockLogger.go:191.102,194.2 2 0
github.com/gerps2/desafio-cloud-run/shared/logger/mocks/MockLogger.go:201.16,205.19 3 0
github.com/gerps2/desafio-cloud-run/shared/logger/mocks/MockLogger.go:205.19,205.49 1 0
github.com/gerps2/desafio-cloud-run/shared/logger/mocks/MockLogger.go:207.2,207.13 1 0
github.com/gerps2/desafio-cloud-run/shared/providers/external_apis_providers.go:9.67,11.2 1 0
github.com/gerps2/desafio-cloud-run/shared/providers/external_apis_providers.go:13.92,15.2 1 0
github.com/gerps2/desafio-cloud-run/shared/providers/external_apis_providers.go:17.70,19.2 1 0
github.com/gerps2/desafio-cloud-run/shared/providers/external_apis_providers.go:21.97,23.2 1 0
github.com/gerps2/desafio-cloud-run/shared/repositories/external_apis/viapcep/viacep_client.go:17.46,21.2 1 0
github.com/gerps2/desafio-cloud-run/shared/repositories/external_apis/viapcep/viacep_client.go:23.103,25.16 2 0
github.com/gerps2/desafio-cloud-run/shared/repositories/external_apis/viapcep/viacep_client.go:25.16,27.3 1 0
github.com/gerps2/desafio-cloud-run/shared/repositories/external_apis/viapcep/viacep_client.go:29.2,31.16 3 0
github.com/gerps2/desafio-cloud-run/shared/repositories/external_apis/viapcep/viacep_client.go:31.16,33.3 1 0
github.com/gerps2/desafio-cloud-run/shared/repositories/external_apis/viapcep/viacep_client.go:34.2,36.28 2 0
github.com/gerps2/desafio-cloud-run/shared/repositories/external_apis/viapcep/viacep_client.go:36.28,38.3 1 0
github.com/gerps2/desafio-cloud-run/shared/repositories/external_apis/viapcep/viacep_client.go:40.2,42.16 3 0
github.com/gerps2/desafio-cloud-run/shared/repositories/external_apis/viapcep/viacep_client.go:42.16,44.3 1 0
github.com/gerps2/desafio-cloud-run/shared/repositories/external_apis/viapcep/viacep_client.go:46.2,46.22 1 0
github.com/gerps2/desafio-cloud-run/shared/repositories/external_apis/viapcep/viacep_repository.go:13.74,17.2 1 0
github.com/gerps2/desafio-cloud-run/shared/repositories/external_apis/viapcep/viacep_repository.go:19.107,21.2 1 0
github.com/gerps2/desafio-cloud-run/shared/repositories/external_apis/viapcep/mocks/MockViaCepRepositoryInterface.go:23.91,25.2 1 0
github.com/gerps2/desafio-cloud-run/shared/repositories/external_apis/viapcep/mocks/MockViaCepRepositoryInterface.go:28.128,31.19 2 0
github.com/gerps2/desafio-cloud-run/shared/repositories/external_apis/viapcep/mocks/MockViaCepRepositoryInterface.go:31.19,32.52 1 0
github.com/gerps2/desafio-cloud-run/shared/repositories/external_apis/viapcep/mocks/MockViaCepRepositoryInterface.go:35.2,37.104 3 0
github.com/gerps2/desafio-cloud-run/shared/repositories/external_apis/viapcep/mocks/MockViaCepRepositoryInterface.go:37.104,39.3 1 0
github.com/gerps2/desafio-cloud-run/shared/repositories/external_apis/viapcep/mocks/MockViaCepRepositoryInterface.go:40.2,40.95 1 0
github.com/gerps2/desafio-cloud-run/shared/repositories/external_apis/viapcep/mocks/MockViaCepRepositoryInterface.go:40.95,42.3 1 0
github.com/gerps2/desafio-cloud-run/shared/repositories/external_apis/viapcep/mocks/MockViaCepRepositoryInterface.go:42.8,43.24 1 0
github.com/gerps2/desafio-cloud-run/shared/repositories/external_apis/viapcep/mocks/MockViaCepRepositoryInterface.go:43.24,45.4 1 0
github.com/gerps2/desafio-cloud-run/shared/repositories/external_apis/viapcep/mocks/MockViaCepRepositoryInterface.go:48.2,48.78 1 0
github.com/gerps2/desafio-cloud-run/shared/repositories/external_apis/viapcep/mocks/MockViaCepRepositoryInterface.go:48.78,50.3 1 0
github.com/gerps2/desafio-cloud-run/shared/repositories/external_apis/viapcep/mocks/MockViaCepRepositoryInterface.go:50.8,52.3 1 0
github.com/gerps2/desafio-cloud-run/shared/repositories/external_apis/viapcep/mocks/MockViaCepRepositoryInterface.go:54.2,54.15 1 0
github.com/gerps2/desafio-cloud-run/shared/repositories/external_apis/viapcep/mocks/MockViaCepRepositoryInterface.go:65.143,67.2 1 0
github.com/gerps2/desafio-cloud-run/shared/repositories/external_apis/viapcep/mocks/MockViaCepRepositoryInterface.go:69.162,70.40 1 0
github.com/gerps2/desafio-cloud-run/shared/repositories/external_apis/viapcep/mocks/MockViaCepRepositoryInterface.go:70.40,72.3 1 0
github.com/gerps2/desafio-cloud-run/shared/repositories/external_apis/viapcep/mocks/MockViaCepRepositoryInterface.go:73.2,73.11 1 0
github.com/gerps2/desafio-cloud-run/shared/repositories/external_apis/viapcep/mocks/MockViaCepRepositoryInterface.go:76.151,79.2 2 0
github.com/gerps2/desafio-cloud-run/shared/repositories/external_apis/viapcep/mocks/MockViaCepRepositoryInterface.go:81.195,84.2 2 0
github.com/gerps2/desafio-cloud-run/shared/repositories/external_apis/viapcep/mocks/MockViaCepRepositoryInterface.go:91.35,95.19 3 0
github.com/gerps2/desafio-cloud-run/shared/repositories/external_apis/viapcep/mocks/MockViaCepRepositoryInterface.go:95.19,95.49 1 0
github.com/gerps2/desafio-cloud-run/shared/repositories/external_apis/viapcep/mocks/MockViaCepRepositoryInterface.go:97.2,97.13 1 0
github.com/gerps2/desafio-cloud-run/shared/repositories/external_apis/weather/weather_client.go:16.62,21.2 1 0
github.com/gerps2/desafio-cloud-run/shared/repositories/external_apis/weather/weather_client.go:23.96,25.16 2 0
github.com/gerps2/desafio-cloud-run/shared/repositories/external_apis/weather/weather_client.go:25.16,27.3 1 0
github.com/gerps2/desafio-cloud-run/shared/repositories/external_apis/weather/weather_client.go:29.2,31.16 3 0
github.com/gerps2/desafio-cloud-run/shared/repositories/external_apis/weather/weather_client.go:31.16,33.3 1 0
github.com/gerps2/desafio-cloud-run/shared/repositories/external_apis/weather/weather_client.go:34.2,36.28 2 0
github.com/gerps2/desafio-cloud-run/shared/repositories/external_apis/weather/weather_client.go:36.28,38.3 1 0
github.com/gerps2/desafio-cloud-run/shared/repositories/external_apis/weather/weather_client.go:40.2,42.16 3 0
github.com/gerps2/desafio-cloud-run/shared/repositories/external_apis/weather/weather_client.go:42.16,44.3 1 0
github.com/gerps2/desafio-cloud-run/shared/repositories/external_apis/weather/weather_client.go:46.2,46.22 1 0
github.com/gerps2/desafio-cloud-run/shared/repositories/external_apis/weather/weather_repository.go:11.77,15.2 1 0
github.com/gerps2/desafio-cloud-run/shared/repositories/external_apis/weather/weather_repository.go:17.100,19.2 1 0
github.com/gerps2/desafio-cloud-run/shared/repositories/external_apis/weather/mocks/MockWeatherRepositoryInterface.go:21.93,23.2 1 0
github.com/gerps2/desafio-cloud-run/shared/repositories/external_apis/weather/mocks/MockWeatherRepositoryInterface.go:26.122,29.19 2 0
github.com/gerps2/desafio-cloud-run/shared/repositories/external_apis/weather/mocks/MockWeatherRepositoryInterface.go:29.19,30.52 1 0
github.com/gerps2/desafio-cloud-run/shared/repositories/external_apis/weather/mocks/MockWeatherRepositoryInterface.go:33.2,35.96 3 0
github.com/gerps2/desafio-cloud-run/shared/repositories/external_apis/weather/mocks/MockWeatherRepositoryInterface.go:35.96,37.3 1 0
github.com/gerps2/desafio-cloud-run/shared/repositories/external_apis/weather/mocks/MockWeatherRepositoryInterface.go:38.2,38.87 1 0
github.com/gerps2/desafio-cloud-run/shared/repositories/external_apis/weather/mocks/MockWeatherRepositoryInterface.go:38.87,40.3 1 0
github.com/gerps2/desafio-cloud-run/shared/repositories/external_apis/weather/mocks/MockWeatherRepositoryInterface.go:40.8,41.24 1 0
github.com/gerps2/desafio-cloud-run/shared/repositories/external_apis/weather/mocks/MockWeatherRepositoryInterface.go:41.24,43.4 1 0
github.com/gerps2/desafio-cloud-run/shared/repositories/external_apis/weather/mocks/MockWeatherRepositoryInterface.go:46.2,46.68 1 0
github.com/gerps2/desafio-cloud-run/shared/repositories/external_apis/weather/mocks/MockWeatherRepositoryInterface.go:46.68,48.3 1 0
github.com/gerps2/desafio-cloud-run/shared/repositories/external_apis/weather/mocks/MockWeatherRepositoryInterface.go:48.8,50.3 1 0
github.com/gerps2/desafio-cloud-run/shared/repositories/external_apis/weather/mocks/MockWeatherRepositoryInterface.go:52.2,52.15 1 0
github.com/gerps2/desafio-cloud-run/shared/repositories/external_apis/weather/mocks/MockWeatherRepositoryInterface.go:63.146,65.2 1 0
github.com/gerps2/desafio-cloud-run/shared/repositories/external_apis/weather/mocks/MockWeatherRepositoryInterface.go:67.155,68.40 1 0
github.com/gerps2/desafio-cloud-run/shared/repositories/external_apis/weather/mocks/MockWeatherRepositoryInterface.go:68.40,70.3 1 0
github.com/gerps2/desafio-cloud-run/shared/repositories/external_apis/weather/mocks/MockWeatherRepositoryInterface.go:71.2,71.11 1 0
github.com/gerps2/desafio-cloud-run/shared/repositories/external_apis/weather/mocks/MockWeatherRepositoryInterface.go:74.155,77.2 2 0
github.com/gerps2/desafio-cloud-run/shared/repositories/external_apis/weather/mocks/MockWeatherRepositoryInterface.go:79.189,82.2 2 0
github.com/gerps2/desafio-cloud-run/shared/repositories/external_apis/weather/mocks/MockWeatherRepositoryInterface.go:89.36,93.19 3 0
github.com/gerps2/desafio-cloud-run/shared/repositories/external_apis/weather/mocks/MockWeatherRepositoryInterface.go:93.19,93.49 1 0
github.com/gerps2/desafio-cloud-run/shared/repositories/external_apis/weather/mocks/MockWeatherRepositoryInterface.go:95.2,95.13 1 0
github.com/gerps2/desafio-cloud-run/test/test_helper.go:9.41,19.2 7 0
github.com/gerps2/desafio-cloud-run/test/test_helper.go:22.43,34.30 3 0
github.com/gerps2/desafio-cloud-run/test/test_helper.go:34.30,36.3 1 0
github.com/gerps2/desafio-cloud-run/features/weather/getWeatherByCep/get_weather_by_cep_errors.go:16.54,23.2 1 1
github.com/gerps2/desafio-cloud-run/features/weather/getWeatherByCep/get_weather_by_cep_errors.go:25.55,32.2 1 1
github.com/gerps2/desafio-cloud-run/features/weather/getWeatherByCep/get_weather_by_cep_errors.go:34.54,39.2 1 1
github.com/gerps2/desafio-cloud-run/features/weather/getWeatherByCep/get_weather_by_cep_errors.go:41.88,43.2 1 0
github.com/gerps2/desafio-cloud-run/features/weather/getWeatherByCep/get_weather_by_cep_errors.go:45.92,47.2 1 0
github.com/gerps2/desafio-cloud-run/features/weather/getWeatherByCep/get_weather_by_cep_errors.go:49.86,51.2 1 0
github.com/gerps2/desafio-cloud-run/features/weather/getWeatherByCep/get_weather_by_cep_usecase.go:32.179,38.2 1 1
github.com/gerps2/desafio-cloud-run/features/weather/getWeatherByCep/get_weather_by_cep_usecase.go:40.126,44.16 3 1
github.com/gerps2/desafio-cloud-run/features/weather/getWeatherByCep/get_weather_by_cep_usecase.go:44.16,47.3 2 1
github.com/gerps2/desafio-cloud-run/features/weather/getWeatherByCep/get_weather_by_cep_usecase.go:49.2,50.16 2 1
github.com/gerps2/desafio-cloud-run/features/weather/getWeatherByCep/get_weather_by_cep_usecase.go:50.16,53.3 2 1
github.com/gerps2/desafio-cloud-run/features/weather/getWeatherByCep/get_weather_by_cep_usecase.go:55.2,58.16 3 1
github.com/gerps2/desafio-cloud-run/features/weather/getWeatherByCep/get_weather_by_cep_usecase.go:58.16,61.3 2 1
github.com/gerps2/desafio-cloud-run/features/weather/getWeatherByCep/get_weather_by_cep_usecase.go:63.2,71.8 3 1
github.com/gerps2/desafio-cloud-run/shared/domain/valueObjects/cep.go:11.41,14.25 2 1
github.com/gerps2/desafio-cloud-run/shared/domain/valueObjects/cep.go:14.25,16.3 1 1
github.com/gerps2/desafio-cloud-run/shared/domain/valueObjects/cep.go:18.2,18.56 1 1
github.com/gerps2/desafio-cloud-run/shared/domain/valueObjects/cep.go:18.56,20.3 1 1
github.com/gerps2/desafio-cloud-run/shared/domain/valueObjects/cep.go:22.2,22.25 1 1
github.com/gerps2/desafio-cloud-run/shared/domain/valueObjects/cep.go:25.37,29.2 3 1
github.com/gerps2/desafio-cloud-run/shared/domain/valueObjects/cep.go:31.30,33.2 1 1
github.com/gerps2/desafio-cloud-run/features/weather/weather_controller.go:19.140,24.2 1 1
github.com/gerps2/desafio-cloud-run/features/weather/weather_controller.go:27.65,29.2 2 1
github.com/gerps2/desafio-cloud-run/features/weather/weather_controller.go:29.2,31.3 1 1
github.com/gerps2/desafio-cloud-run/features/weather/weather_controller.go:34.62,38.20 3 1
github.com/gerps2/desafio-cloud-run/features/weather/weather_controller.go:38.20,42.3 3 0
github.com/gerps2/desafio-cloud-run/features/weather/weather_controller.go:44.2,49.16 3 1
github.com/gerps2/desafio-cloud-run/features/weather/weather_controller.go:49.16,50.60 1 1
github.com/gerps2/desafio-cloud-run/features/weather/weather_controller.go:50.60,53.4 2 0
github.com/gerps2/desafio-cloud-run/features/weather/weather_controller.go:54.3,56.53 2 1
github.com/gerps2/desafio-cloud-run/features/weather/weather_controller.go:56.53,58.4 1 1
github.com/gerps2/desafio-cloud-run/features/weather/weather_controller.go:58.9,60.4 1 1
github.com/gerps2/desafio-cloud-run/features/weather/weather_controller.go:61.3,61.9 1 1
github.com/gerps2/desafio-cloud-run/features/weather/weather_controller.go:64.2,65.81 2 1
github.com/gerps2/desafio-cloud-run/features/weather/weather_providers.go:14.51,16.2 1 0
